<?xml version="1.0" encoding="UTF-8"?>
<testsuite xmlns:xsi="http://www.w3.org/2001/XMLSchema-instance" xsi:noNamespaceSchemaLocation="https://maven.apache.org/surefire/maven-surefire-plugin/xsd/surefire-test-report-3.0.xsd" version="3.0" name="org.farmtec.res.rules.impl.RuleGroupCompositeTest" time="0.688" tests="7" errors="0" skipped="0" failures="0">
  <properties>
    <property name="sun.desktop" value="gnome"/>
    <property name="awt.toolkit" value="sun.awt.X11.XToolkit"/>
    <property name="java.specification.version" value="11"/>
    <property name="sun.cpu.isalist" value=""/>
    <property name="sun.jnu.encoding" value="UTF-8"/>
    <property name="java.class.path" value="/home/daniel/workplace/java/ruleevaluator/target/test-classes:/home/daniel/workplace/java/ruleevaluator/target/classes:/home/daniel/.m2/repository/com/fasterxml/jackson/core/jackson-core/2.10.3/jackson-core-2.10.3.jar:/home/daniel/.m2/repository/com/fasterxml/jackson/core/jackson-databind/2.10.3/jackson-databind-2.10.3.jar:/home/daniel/.m2/repository/com/fasterxml/jackson/core/jackson-annotations/2.10.3/jackson-annotations-2.10.3.jar:/home/daniel/.m2/repository/org/immutables/value/2.2.10/value-2.2.10.jar:/home/daniel/.m2/repository/org/mockito/mockito-core/3.3.3/mockito-core-3.3.3.jar:/home/daniel/.m2/repository/net/bytebuddy/byte-buddy/1.10.5/byte-buddy-1.10.5.jar:/home/daniel/.m2/repository/net/bytebuddy/byte-buddy-agent/1.10.5/byte-buddy-agent-1.10.5.jar:/home/daniel/.m2/repository/org/objenesis/objenesis/2.6/objenesis-2.6.jar:/home/daniel/.m2/repository/org/mockito/mockito-junit-jupiter/3.3.3/mockito-junit-jupiter-3.3.3.jar:/home/daniel/.m2/repository/org/junit/jupiter/junit-jupiter-api/5.6.2/junit-jupiter-api-5.6.2.jar:/home/daniel/.m2/repository/org/apiguardian/apiguardian-api/1.1.0/apiguardian-api-1.1.0.jar:/home/daniel/.m2/repository/org/opentest4j/opentest4j/1.2.0/opentest4j-1.2.0.jar:/home/daniel/.m2/repository/org/junit/platform/junit-platform-commons/1.6.2/junit-platform-commons-1.6.2.jar:/home/daniel/.m2/repository/org/junit/jupiter/junit-jupiter-engine/5.6.2/junit-jupiter-engine-5.6.2.jar:/home/daniel/.m2/repository/org/junit/platform/junit-platform-engine/1.6.2/junit-platform-engine-1.6.2.jar:/home/daniel/.m2/repository/org/assertj/assertj-core/3.11.1/assertj-core-3.11.1.jar:"/>
    <property name="java.vm.vendor" value="Azul Systems, Inc."/>
    <property name="sun.arch.data.model" value="64"/>
    <property name="java.vendor.url" value="http://www.azulsystems.com/"/>
    <property name="user.timezone" value="Europe/Dublin"/>
    <property name="java.vm.specification.version" value="11"/>
    <property name="os.name" value="Linux"/>
    <property name="sun.java.launcher" value="SUN_STANDARD"/>
    <property name="user.country" value="IE"/>
    <property name="sun.boot.library.path" value="/home/daniel/.sdkman/candidates/java/11.0.7-zulu/lib"/>
    <property name="sun.java.command" value="/home/daniel/workplace/java/ruleevaluator/target/surefire/surefirebooter615981796806929018.jar /home/daniel/workplace/java/ruleevaluator/target/surefire 2020-04-28T14-27-07_672-jvmRun1 surefire15139055261222149546tmp surefire_02315619511699854928tmp"/>
    <property name="jdk.debug" value="release"/>
    <property name="surefire.test.class.path" value="/home/daniel/workplace/java/ruleevaluator/target/test-classes:/home/daniel/workplace/java/ruleevaluator/target/classes:/home/daniel/.m2/repository/com/fasterxml/jackson/core/jackson-core/2.10.3/jackson-core-2.10.3.jar:/home/daniel/.m2/repository/com/fasterxml/jackson/core/jackson-databind/2.10.3/jackson-databind-2.10.3.jar:/home/daniel/.m2/repository/com/fasterxml/jackson/core/jackson-annotations/2.10.3/jackson-annotations-2.10.3.jar:/home/daniel/.m2/repository/org/immutables/value/2.2.10/value-2.2.10.jar:/home/daniel/.m2/repository/org/mockito/mockito-core/3.3.3/mockito-core-3.3.3.jar:/home/daniel/.m2/repository/net/bytebuddy/byte-buddy/1.10.5/byte-buddy-1.10.5.jar:/home/daniel/.m2/repository/net/bytebuddy/byte-buddy-agent/1.10.5/byte-buddy-agent-1.10.5.jar:/home/daniel/.m2/repository/org/objenesis/objenesis/2.6/objenesis-2.6.jar:/home/daniel/.m2/repository/org/mockito/mockito-junit-jupiter/3.3.3/mockito-junit-jupiter-3.3.3.jar:/home/daniel/.m2/repository/org/junit/jupiter/junit-jupiter-api/5.6.2/junit-jupiter-api-5.6.2.jar:/home/daniel/.m2/repository/org/apiguardian/apiguardian-api/1.1.0/apiguardian-api-1.1.0.jar:/home/daniel/.m2/repository/org/opentest4j/opentest4j/1.2.0/opentest4j-1.2.0.jar:/home/daniel/.m2/repository/org/junit/platform/junit-platform-commons/1.6.2/junit-platform-commons-1.6.2.jar:/home/daniel/.m2/repository/org/junit/jupiter/junit-jupiter-engine/5.6.2/junit-jupiter-engine-5.6.2.jar:/home/daniel/.m2/repository/org/junit/platform/junit-platform-engine/1.6.2/junit-platform-engine-1.6.2.jar:/home/daniel/.m2/repository/org/assertj/assertj-core/3.11.1/assertj-core-3.11.1.jar:"/>
    <property name="sun.cpu.endian" value="little"/>
    <property name="user.home" value="/home/daniel"/>
    <property name="user.language" value="en"/>
    <property name="java.specification.vendor" value="Oracle Corporation"/>
    <property name="java.version.date" value="2020-04-14"/>
    <property name="java.home" value="/home/daniel/.sdkman/candidates/java/11.0.7-zulu"/>
    <property name="file.separator" value="/"/>
    <property name="basedir" value="/home/daniel/workplace/java/ruleevaluator"/>
    <property name="java.vm.compressedOopsMode" value="32-bit"/>
    <property name="line.separator" value="&#10;"/>
    <property name="java.specification.name" value="Java Platform API Specification"/>
    <property name="java.vm.specification.vendor" value="Oracle Corporation"/>
    <property name="jdk.vendor.version" value="Zulu11.39+15-CA"/>
    <property name="java.awt.graphicsenv" value="sun.awt.X11GraphicsEnvironment"/>
    <property name="surefire.real.class.path" value="/home/daniel/workplace/java/ruleevaluator/target/surefire/surefirebooter615981796806929018.jar"/>
    <property name="sun.management.compiler" value="HotSpot 64-Bit Tiered Compilers"/>
    <property name="java.runtime.version" value="11.0.7+10-LTS"/>
    <property name="user.name" value="daniel"/>
    <property name="path.separator" value=":"/>
    <property name="os.version" value="4.15.0-96-generic"/>
    <property name="java.runtime.name" value="OpenJDK Runtime Environment"/>
    <property name="file.encoding" value="UTF-8"/>
    <property name="java.vm.name" value="OpenJDK 64-Bit Server VM"/>
    <property name="java.vendor.version" value="Zulu11.39+15-CA"/>
    <property name="localRepository" value="/home/daniel/.m2/repository"/>
    <property name="java.vendor.url.bug" value="http://www.azulsystems.com/support/"/>
    <property name="java.io.tmpdir" value="/tmp"/>
    <property name="java.version" value="11.0.7"/>
    <property name="user.dir" value="/home/daniel/workplace/java/ruleevaluator"/>
    <property name="os.arch" value="amd64"/>
    <property name="java.vm.specification.name" value="Java Virtual Machine Specification"/>
    <property name="java.awt.printerjob" value="sun.print.PSPrinterJob"/>
    <property name="sun.os.patch.level" value="unknown"/>
    <property name="java.library.path" value="/usr/java/packages/lib:/usr/lib64:/lib64:/lib:/usr/lib"/>
    <property name="java.vendor" value="Azul Systems, Inc."/>
    <property name="java.vm.info" value="mixed mode"/>
    <property name="java.vm.version" value="11.0.7+10-LTS"/>
    <property name="sun.io.unicode.encoding" value="UnicodeLittle"/>
    <property name="java.class.version" value="55.0"/>
  </properties>
  <testcase name="testRule_ruleListGte2_AND_shouldBeTrue" classname="org.farmtec.res.rules.impl.RuleGroupCompositeTest" time="0.648"/>
  <testcase name="testRule_groupOfGroupOfRules_shouldBeTrue" classname="org.farmtec.res.rules.impl.RuleGroupCompositeTest" time="0.005"/>
  <testcase name="testRule_ruleListGte2_AND_shouldBeFalse" classname="org.farmtec.res.rules.impl.RuleGroupCompositeTest" time="0.004"/>
  <testcase name="testRule_groupOfGroupOfRules_shouldBeFalse" classname="org.farmtec.res.rules.impl.RuleGroupCompositeTest" time="0.004"/>
  <testcase name="testRule_ruleListGte2_OR_shouldBeTrue" classname="org.farmtec.res.rules.impl.RuleGroupCompositeTest" time="0.011"/>
  <testcase name="testRule_ruleListGte2_OR_shouldBeFalse" classname="org.farmtec.res.rules.impl.RuleGroupCompositeTest" time="0.005"/>
  <testcase name="testRule_ruleListEqOne_AND_shouldBeTrue" classname="org.farmtec.res.rules.impl.RuleGroupCompositeTest" time="0.004"/>
</testsuite>